# JRE version: OpenJDK Runtime Environment (8.0_432-b06) (build 1.8.0_432-b06)
# Java VM: OpenJDK 64-Bit Server VM (25.432-b06 mixed mode windows-amd64 compressed oops)
Heap:
 def new generation   total 75584K, used 58510K [0x00000000a2400000, 0x00000000a7600000, 0x00000000c1800000)
  eden space 67200K,  79% used [0x00000000a2400000, 0x00000000a57ebcb8, 0x00000000a65a0000)
  from space 8384K,  63% used [0x00000000a65a0000, 0x00000000a6ad7c58, 0x00000000a6dd0000)
  to   space 8384K,   0% used [0x00000000a6dd0000, 0x00000000a6dd0000, 0x00000000a7600000)
 tenured generation   total 167936K, used 13560K [0x00000000c1800000, 0x00000000cbc00000, 0x0000000100000000)
   the space 167936K,   8% used [0x00000000c1800000, 0x00000000c253e2a0, 0x00000000c253e400, 0x00000000cbc00000)
 Metaspace       used 14205K, capacity 14470K, committed 14720K, reserved 1062912K
  class space    used 1484K, capacity 1537K, committed 1664K, reserved 1048576K
GC Heap History (10 events):
Event: 7.370 GC heap before
{Heap before GC invocations=1 (full 0):
 def new generation   total 75584K, used 74085K [0x00000000a2400000, 0x00000000a7600000, 0x00000000c1800000)
  eden space 67200K,  97% used [0x00000000a2400000, 0x00000000a6429570, 0x00000000a65a0000)
  from space 8384K,  99% used [0x00000000a6dd0000, 0x00000000a75ffff8, 0x00000000a7600000)
  to   space 8384K,   0% used [0x00000000a65a0000, 0x00000000a65a0000, 0x00000000a6dd0000)
 tenured generation   total 167936K, used 6087K [0x00000000c1800000, 0x00000000cbc00000, 0x0000000100000000)
   the space 167936K,   3% used [0x00000000c1800000, 0x00000000c1df1c50, 0x00000000c1df1e00, 0x00000000cbc00000)
 Metaspace       used 13217K, capacity 13530K, committed 13568K, reserved 1060864K
  class space    used 1429K, capacity 1503K, committed 1536K, reserved 1048576K
Event: 7.388 GC heap after
Heap after GC invocations=2 (full 0):
 def new generation   total 75584K, used 7474K [0x00000000a2400000, 0x00000000a7600000, 0x00000000c1800000)
  eden space 67200K,   0% used [0x00000000a2400000, 0x00000000a2400000, 0x00000000a65a0000)
  from space 8384K,  89% used [0x00000000a65a0000, 0x00000000a6cec948, 0x00000000a6dd0000)
  to   space 8384K,   0% used [0x00000000a6dd0000, 0x00000000a6dd0000, 0x00000000a7600000)
 tenured generation   total 167936K, used 10723K [0x00000000c1800000, 0x00000000cbc00000, 0x0000000100000000)
   the space 167936K,   6% used [0x00000000c1800000, 0x00000000c2278f38, 0x00000000c2279000, 0x00000000cbc00000)
 Metaspace       used 13217K, capacity 13530K, committed 13568K, reserved 1060864K
  class space    used 1429K, capacity 1503K, committed 1536K, reserved 1048576K
}
Event: 7.974 GC heap before
{Heap before GC invocations=2 (full 0):
 def new generation   total 75584K, used 74674K [0x00000000a2400000, 0x00000000a7600000, 0x00000000c1800000)
  eden space 67200K, 100% used [0x00000000a2400000, 0x00000000a65a0000, 0x00000000a65a0000)
  from space 8384K,  89% used [0x00000000a65a0000, 0x00000000a6cec948, 0x00000000a6dd0000)
  to   space 8384K,   0% used [0x00000000a6dd0000, 0x00000000a6dd0000, 0x00000000a7600000)
 tenured generation   total 167936K, used 10723K [0x00000000c1800000, 0x00000000cbc00000, 0x0000000100000000)
   the space 167936K,   6% used [0x00000000c1800000, 0x00000000c2278f38, 0x00000000c2279000, 0x00000000cbc00000)
 Metaspace       used 13961K, capacity 14170K, committed 14336K, reserved 1062912K
  class space    used 1481K, capacity 1503K, committed 1536K, reserved 1048576K
Event: 7.983 GC heap after
Heap after GC invocations=3 (full 0):
 def new generation   total 75584K, used 4955K [0x00000000a2400000, 0x00000000a7600000, 0x00000000c1800000)
  eden space 67200K,   0% used [0x00000000a2400000, 0x00000000a2400000, 0x00000000a65a0000)
  from space 8384K,  59% used [0x00000000a6dd0000, 0x00000000a72a6db0, 0x00000000a7600000)
  to   space 8384K,   0% used [0x00000000a65a0000, 0x00000000a65a0000, 0x00000000a6dd0000)
 tenured generation   total 167936K, used 12743K [0x00000000c1800000, 0x00000000cbc00000, 0x0000000100000000)
   the space 167936K,   7% used [0x00000000c1800000, 0x00000000c2471db8, 0x00000000c2471e00, 0x00000000cbc00000)
 Metaspace       used 13961K, capacity 14170K, committed 14336K, reserved 1062912K
  class space    used 1481K, capacity 1503K, committed 1536K, reserved 1048576K
}
Event: 8.525 GC heap before
{Heap before GC invocations=3 (full 0):
 def new generation   total 75584K, used 72155K [0x00000000a2400000, 0x00000000a7600000, 0x00000000c1800000)
  eden space 67200K, 100% used [0x00000000a2400000, 0x00000000a65a0000, 0x00000000a65a0000)
  from space 8384K,  59% used [0x00000000a6dd0000, 0x00000000a72a6db0, 0x00000000a7600000)
  to   space 8384K,   0% used [0x00000000a65a0000, 0x00000000a65a0000, 0x00000000a6dd0000)
 tenured generation   total 167936K, used 12743K [0x00000000c1800000, 0x00000000cbc00000, 0x0000000100000000)
   the space 167936K,   7% used [0x00000000c1800000, 0x00000000c2471db8, 0x00000000c2471e00, 0x00000000cbc00000)
 Metaspace       used 14047K, capacity 14298K, committed 14336K, reserved 1062912K
  class space    used 1481K, capacity 1503K, committed 1536K, reserved 1048576K
Event: 8.531 GC heap after
Heap after GC invocations=4 (full 0):
 def new generation   total 75584K, used 5169K [0x00000000a2400000, 0x00000000a7600000, 0x00000000c1800000)
  eden space 67200K,   0% used [0x00000000a2400000, 0x00000000a2400000, 0x00000000a65a0000)
  from space 8384K,  61% used [0x00000000a65a0000, 0x00000000a6aac658, 0x00000000a6dd0000)
  to   space 8384K,   0% used [0x00000000a6dd0000, 0x00000000a6dd0000, 0x00000000a7600000)
 tenured generation   total 167936K, used 13240K [0x00000000c1800000, 0x00000000cbc00000, 0x0000000100000000)
   the space 167936K,   7% used [0x00000000c1800000, 0x00000000c24ee130, 0x00000000c24ee200, 0x00000000cbc00000)
 Metaspace       used 14047K, capacity 14298K, committed 14336K, reserved 1062912K
  class space    used 1481K, capacity 1503K, committed 1536K, reserved 1048576K
}
Event: 9.047 GC heap before
{Heap before GC invocations=4 (full 0):
 def new generation   total 75584K, used 72369K [0x00000000a2400000, 0x00000000a7600000, 0x00000000c1800000)
  eden space 67200K, 100% used [0x00000000a2400000, 0x00000000a65a0000, 0x00000000a65a0000)
  from space 8384K,  61% used [0x00000000a65a0000, 0x00000000a6aac658, 0x00000000a6dd0000)
  to   space 8384K,   0% used [0x00000000a6dd0000, 0x00000000a6dd0000, 0x00000000a7600000)
 tenured generation   total 167936K, used 13240K [0x00000000c1800000, 0x00000000cbc00000, 0x0000000100000000)
   the space 167936K,   7% used [0x00000000c1800000, 0x00000000c24ee130, 0x00000000c24ee200, 0x00000000cbc00000)
 Metaspace       used 14091K, capacity 14330K, committed 14336K, reserved 1062912K
  class space    used 1482K, capacity 1535K, committed 1536K, reserved 1048576K
Event: 9.053 GC heap after
Heap after GC invocations=5 (full 0):
 def new generation   total 75584K, used 5234K [0x00000000a2400000, 0x00000000a7600000, 0x00000000c1800000)
  eden space 67200K,   0% used [0x00000000a2400000, 0x00000000a2400000, 0x00000000a65a0000)
  from space 8384K,  62% used [0x00000000a6dd0000, 0x00000000a72ec958, 0x00000000a7600000)
  to   space 8384K,   0% used [0x00000000a65a0000, 0x00000000a65a0000, 0x00000000a6dd0000)
 tenured generation   total 167936K, used 13426K [0x00000000c1800000, 0x00000000cbc00000, 0x0000000100000000)
   the space 167936K,   7% used [0x00000000c1800000, 0x00000000c251ca20, 0x00000000c251cc00, 0x00000000cbc00000)
 Metaspace       used 14091K, capacity 14330K, committed 14336K, reserved 1062912K
  class space    used 1482K, capacity 1535K, committed 1536K, reserved 1048576K
}
Event: 9.607 GC heap before
{Heap before GC invocations=5 (full 0):
 def new generation   total 75584K, used 72434K [0x00000000a2400000, 0x00000000a7600000, 0x00000000c1800000)
  eden space 67200K, 100% used [0x00000000a2400000, 0x00000000a65a0000, 0x00000000a65a0000)
  from space 8384K,  62% used [0x00000000a6dd0000, 0x00000000a72ec958, 0x00000000a7600000)
  to   space 8384K,   0% used [0x00000000a65a0000, 0x00000000a65a0000, 0x00000000a6dd0000)
 tenured generation   total 167936K, used 13426K [0x00000000c1800000, 0x00000000cbc00000, 0x0000000100000000)
   the space 167936K,   7% used [0x00000000c1800000, 0x00000000c251ca20, 0x00000000c251cc00, 0x00000000cbc00000)
 Metaspace       used 14128K, capacity 14336K, committed 14336K, reserved 1062912K
  class space    used 1484K, capacity 1536K, committed 1536K, reserved 1048576K
Event: 9.615 GC heap after
Heap after GC invocations=6 (full 0):
 def new generation   total 75584K, used 5343K [0x00000000a2400000, 0x00000000a7600000, 0x00000000c1800000)
  eden space 67200K,   0% used [0x00000000a2400000, 0x00000000a2400000, 0x00000000a65a0000)
  from space 8384K,  63% used [0x00000000a65a0000, 0x00000000a6ad7c58, 0x00000000a6dd0000)
  to   space 8384K,   0% used [0x00000000a6dd0000, 0x00000000a6dd0000, 0x00000000a7600000)
 tenured generation   total 167936K, used 13560K [0x00000000c1800000, 0x00000000cbc00000, 0x0000000100000000)
   the space 167936K,   8% used [0x00000000c1800000, 0x00000000c253e2a0, 0x00000000c253e400, 0x00000000cbc00000)
 Metaspace       used 14128K, capacity 14336K, committed 14336K, reserved 1062912K
  class space    used 1484K, capacity 1536K, committed 1536K, reserved 1048576K
}

